#
# A fatal error has been detected by the Java Runtime Environment:
#
#  EXCEPTION_ACCESS_VIOLATION (0xc0000005) at pc=0x0000000065ff28cf, pid=2328, tid=6080
#
# JRE version: 7.0_03-b05
# Java VM: Java HotSpot(TM) 64-Bit Server VM (22.1-b02 mixed mode windows-amd64 compressed oops)
# Problematic frame:
# V  [jvm.dll+0x3e28cf]
#
# Failed to write core dump. Minidumps are not enabled by default on client versions of Windows
#
# If you would like to submit a bug report, please visit:
#   http://bugreport.sun.com/bugreport/crash.jsp
#

---------------  T H R E A D  ---------------

Current thread (0x0000000006132800):  JavaThread "C2 CompilerThread0" daemon [_thread_in_native, id=6080, stack(0x00000000075a0000,0x00000000076a0000)]

siginfo: ExceptionCode=0xc0000005, reading address 0x0000000000000008

Registers:
RAX=0x0000000000000000, RBX=0x000000000769cec0, RCX=0x000000000a4cff10, RDX=0x0000000000000000
RSP=0x000000000769c070, RBP=0x000000000769c220, RSI=0x0000000009e63178, RDI=0x0000000000000000
R8 =0x0000000009c30ed0, R9 =0x0000000000002000, R10=0x0000000009d34fe0, R11=0x0000000000000000
R12=0x000000000bc56300, R13=0x000000000d0b15d8, R14=0x000000000769c140, R15=0x000000000769c160
RIP=0x0000000065ff28cf, EFLAGS=0x0000000000010206

Top of Stack: (sp=0x000000000769c070)
0x000000000769c070:   000000000769cec0 000000000bc56300
0x000000000769c080:   000000000ce96450 0000000000000000
0x000000000769c090:   000000000bc56300 0000000000000002
0x000000000769c0a0:   000000000d0b8538 0000000065ff3389
0x000000000769c0b0:   000000000769c220 00000000000001a0
0x000000000769c0c0:   000000000769c1a8 000000000769c220
0x000000000769c0d0:   0000000000000020 0000000009c255f0
0x000000000769c0e0:   0000000000000000 000000000000c020
0x000000000769c0f0:   0000000007c16c10 000000000769c220
0x000000000769c100:   00000000061212a0 0000000000000002
0x000000000769c110:   000000000769cec0 0000000065ff54f7
0x000000000769c120:   000000000769cec0 0000000000000001
0x000000000769c130:   0000000000000002 000000000769c1a8
0x000000000769c140:   00000000061212a0 0000000000000200
0x000000000769c150:   0000000009d52e70 00000000000001a1
0x000000000769c160:   0000000066154508 00000000061212a0 

Instructions: (pc=0x0000000065ff28cf)
0x0000000065ff28af:   48 3b f0 0f 84 87 01 00 00 44 8b 4b 28 0f 1f 40
0x0000000065ff28bf:   00 41 8b 53 28 4c 8b 83 e0 09 00 00 4d 8b 1c d0
0x0000000065ff28cf:   49 8b 43 08 48 39 38 75 2d 0f 1f 84 00 00 00 00
0x0000000065ff28df:   00 41 8b 43 28 41 3b c1 73 0c 8b c8 48 8b 43 30 


Register to memory mapping:

RAX=0x0000000000000000 is an unknown value
RBX=0x000000000769cec0 is pointing into the stack for thread: 0x0000000006132800
RCX=0x000000000a4cff10 is an unknown value
RDX=0x0000000000000000 is an unknown value
RSP=0x000000000769c070 is pointing into the stack for thread: 0x0000000006132800
RBP=0x000000000769c220 is pointing into the stack for thread: 0x0000000006132800
RSI=0x0000000009e63178 is an unknown value
RDI=0x0000000000000000 is an unknown value
R8 =0x0000000009c30ed0 is an unknown value
R9 =0x0000000000002000 is an unknown value
R10=0x0000000009d34fe0 is an unknown value
R11=0x0000000000000000 is an unknown value
R12=0x000000000bc56300 is an unknown value
R13=0x000000000d0b15d8 is an unknown value
R14=0x000000000769c140 is pointing into the stack for thread: 0x0000000006132800
R15=0x000000000769c160 is pointing into the stack for thread: 0x0000000006132800


Stack: [0x00000000075a0000,0x00000000076a0000],  sp=0x000000000769c070,  free space=1008k
Native frames: (J=compiled Java code, j=interpreted, Vv=VM code, C=native code)
V  [jvm.dll+0x3e28cf]


Current CompileTask:
C2:10886521 1867             jregex.Pretokenizer::next (1064 bytes)


---------------  P R O C E S S  ---------------

Java Threads: ( => current thread )
  0x0000000007fa4000 JavaThread "net.sf.ehcache.CacheManager@152fee75" daemon [_thread_blocked, id=6260, stack(0x000000000d950000,0x000000000da50000)]
  0x0000000007fa2800 JavaThread "New I/O server worker #1-4" [_thread_in_native, id=3724, stack(0x0000000009890000,0x0000000009990000)]
  0x0000000009cd4800 JavaThread "com.mchange.v2.async.ThreadPoolAsynchronousRunner$PoolThread-#2" daemon [_thread_blocked, id=5688, stack(0x000000000b2a0000,0x000000000b3a0000)]
  0x0000000008c69000 JavaThread "com.mchange.v2.async.ThreadPoolAsynchronousRunner$PoolThread-#1" daemon [_thread_blocked, id=4296, stack(0x000000000b110000,0x000000000b210000)]
  0x0000000008af5800 JavaThread "com.mchange.v2.async.ThreadPoolAsynchronousRunner$PoolThread-#0" daemon [_thread_blocked, id=4020, stack(0x000000000aea0000,0x000000000afa0000)]
  0x0000000008146000 JavaThread "Timer-0" daemon [_thread_blocked, id=3972, stack(0x000000000afc0000,0x000000000b0c0000)]
  0x0000000007fdf800 JavaThread "play-thread-1" [_thread_in_vm, id=6952, stack(0x0000000007330000,0x0000000007430000)]
  0x000000000222e800 JavaThread "DestroyJavaVM" [_thread_blocked, id=6668, stack(0x0000000002390000,0x0000000002490000)]
  0x00000000083a7800 JavaThread "New I/O server boss #1 ([id: 0x31a9c687, /0:0:0:0:0:0:0:0:9000])" [_thread_in_native, id=3300, stack(0x00000000079e0000,0x0000000007ae0000)]
  0x000000000613f000 JavaThread "Service Thread" daemon [_thread_blocked, id=6528, stack(0x0000000007870000,0x0000000007970000)]
  0x000000000613c000 JavaThread "C2 CompilerThread1" daemon [_thread_in_native, id=1580, stack(0x0000000007740000,0x0000000007840000)]
=>0x0000000006132800 JavaThread "C2 CompilerThread0" daemon [_thread_in_native, id=6080, stack(0x00000000075a0000,0x00000000076a0000)]
  0x0000000006128000 JavaThread "JDWP Event Helper Thread" daemon [_thread_blocked, id=2188, stack(0x00000000069f0000,0x0000000006af0000)]
  0x000000000611a000 JavaThread "JDWP Transport Listener: dt_socket" daemon [_thread_in_native, id=5872, stack(0x0000000006de0000,0x0000000006ee0000)]
  0x00000000060f1000 JavaThread "Attach Listener" daemon [_thread_blocked, id=6220, stack(0x0000000006f10000,0x0000000007010000)]
  0x00000000060eb800 JavaThread "Signal Dispatcher" daemon [_thread_blocked, id=5196, stack(0x0000000006ca0000,0x0000000006da0000)]
  0x0000000002217800 JavaThread "Finalizer" daemon [_thread_blocked, id=3760, stack(0x0000000006af0000,0x0000000006bf0000)]
  0x0000000002211000 JavaThread "Reference Handler" daemon [_thread_blocked, id=5576, stack(0x00000000068b0000,0x00000000069b0000)]

Other Threads:
  0x0000000002207000 VMThread [stack: 0x0000000006750000,0x0000000006850000] [id=5684]
  0x000000000614d000 WatcherThread [stack: 0x0000000007ae0000,0x0000000007be0000] [id=1308]

VM state:not at safepoint (normal execution)

VM Mutex/Monitor currently owned by a thread: None

Heap
 PSYoungGen      total 96384K, used 63586K [0x00000000eb600000, 0x00000000f2800000, 0x0000000100000000)
  eden space 92608K, 64% used [0x00000000eb600000,0x00000000ef06c5e0,0x00000000f1070000)
  from space 3776K, 99% used [0x00000000f2450000,0x00000000f27fc320,0x00000000f2800000)
  to   space 8832K, 0% used [0x00000000f16c0000,0x00000000f16c0000,0x00000000f1f60000)
 PSOldGen        total 42240K, used 36424K [0x00000000c2200000, 0x00000000c4b40000, 0x00000000eb600000)
  object space 42240K, 86% used [0x00000000c2200000,0x00000000c4592188,0x00000000c4b40000)
 PSPermGen       total 44096K, used 44037K [0x00000000bd000000, 0x00000000bfb10000, 0x00000000c2200000)
  object space 44096K, 99% used [0x00000000bd000000,0x00000000bfb017d0,0x00000000bfb10000)

Code Cache  [0x0000000002590000, 0x0000000002cc0000, 0x0000000005590000)
 total_blobs=2416 nmethods=1728 adapters=647 free_code_cache=41918Kb largest_free_block=42798400

Dynamic libraries:
0x000000013faf0000 - 0x000000013fb23000 	C:\Program Files\Java\jdk1.7.0_03\bin\java.exe
0x00000000772f0000 - 0x0000000077499000 	C:\Windows\SYSTEM32\ntdll.dll
0x00000000770d0000 - 0x00000000771ef000 	C:\Windows\system32\kernel32.dll
0x000007fefd540000 - 0x000007fefd5ac000 	C:\Windows\system32\KERNELBASE.dll
0x000007fefddb0000 - 0x000007fefde8b000 	C:\Windows\system32\ADVAPI32.dll
0x000007fefd720000 - 0x000007fefd7bf000 	C:\Windows\system32\msvcrt.dll
0x000007fefda50000 - 0x000007fefda6f000 	C:\Windows\SYSTEM32\sechost.dll
0x000007feff4d0000 - 0x000007feff5fd000 	C:\Windows\system32\RPCRT4.dll
0x00000000771f0000 - 0x00000000772ea000 	C:\Windows\system32\USER32.dll
0x000007fefd940000 - 0x000007fefd9a7000 	C:\Windows\system32\GDI32.dll
0x000007fefe430000 - 0x000007fefe43e000 	C:\Windows\system32\LPK.dll
0x000007fefe360000 - 0x000007fefe429000 	C:\Windows\system32\USP10.dll
0x000007fefbcc0000 - 0x000007fefbeb4000 	C:\Windows\WinSxS\amd64_microsoft.windows.common-controls_6595b64144ccf1df_6.0.7601.17514_none_fa396087175ac9ac\COMCTL32.dll
0x000007fefdf10000 - 0x000007fefdf81000 	C:\Windows\system32\SHLWAPI.dll
0x000007fefdf90000 - 0x000007fefdfbe000 	C:\Windows\system32\IMM32.DLL
0x000007fefd610000 - 0x000007fefd719000 	C:\Windows\system32\MSCTF.dll
0x000000006ab90000 - 0x000000006ac61000 	C:\Program Files\Java\jdk1.7.0_03\jre\bin\msvcr100.dll
0x0000000065c10000 - 0x00000000662ea000 	C:\Program Files\Java\jdk1.7.0_03\jre\bin\server\jvm.dll
0x000007fef4840000 - 0x000007fef4849000 	C:\Windows\system32\WSOCK32.dll
0x000007fefdfc0000 - 0x000007fefe00d000 	C:\Windows\system32\WS2_32.dll
0x000007fefdba0000 - 0x000007fefdba8000 	C:\Windows\system32\NSI.dll
0x000007fefb8d0000 - 0x000007fefb90b000 	C:\Windows\system32\WINMM.dll
0x00000000774c0000 - 0x00000000774c7000 	C:\Windows\system32\PSAPI.DLL
0x0000000074f40000 - 0x0000000074f4f000 	C:\Program Files\Java\jdk1.7.0_03\jre\bin\verify.dll
0x0000000074f10000 - 0x0000000074f38000 	C:\Program Files\Java\jdk1.7.0_03\jre\bin\java.dll
0x0000000074e60000 - 0x0000000074e95000 	C:\Program Files\Java\jdk1.7.0_03\jre\bin\jdwp.dll
0x0000000074ee0000 - 0x0000000074f03000 	C:\Program Files\Java\jdk1.7.0_03\jre\bin\instrument.dll
0x0000000074e50000 - 0x0000000074e58000 	C:\Program Files\Java\jdk1.7.0_03\jre\bin\npt.dll
0x0000000074e30000 - 0x0000000074e45000 	C:\Program Files\Java\jdk1.7.0_03\jre\bin\zip.dll
0x0000000074e20000 - 0x0000000074e29000 	C:\Program Files\Java\jdk1.7.0_03\jre\bin\dt_socket.dll
0x000007fefca70000 - 0x000007fefcac5000 	C:\Windows\system32\mswsock.dll
0x000007fefc470000 - 0x000007fefc477000 	C:\Windows\System32\wshtcpip.dll
0x0000000074e00000 - 0x0000000074e19000 	C:\Program Files\Java\jdk1.7.0_03\jre\bin\net.dll
0x000007fefca60000 - 0x000007fefca67000 	C:\Windows\System32\wship6.dll
0x0000000074d70000 - 0x0000000074d81000 	C:\Program Files\Java\jdk1.7.0_03\jre\bin\nio.dll
0x000007fefcad0000 - 0x000007fefcae7000 	C:\Windows\system32\CRYPTSP.dll
0x000007fefc7d0000 - 0x000007fefc817000 	C:\Windows\system32\rsaenh.dll
0x000007fefc590000 - 0x000007fefc5ae000 	C:\Windows\system32\USERENV.dll
0x000007fefd240000 - 0x000007fefd24f000 	C:\Windows\system32\profapi.dll
0x000007fefd170000 - 0x000007fefd17f000 	C:\Windows\system32\CRYPTBASE.dll
0x000007fefb090000 - 0x000007fefb0a5000 	C:\Windows\system32\NLAapi.dll
0x000007fef7910000 - 0x000007fef7925000 	C:\Windows\system32\napinsp.dll
0x000007fef78f0000 - 0x000007fef7909000 	C:\Windows\system32\pnrpnsp.dll
0x000007fefc8f0000 - 0x000007fefc94b000 	C:\Windows\system32\DNSAPI.dll
0x000007fef78e0000 - 0x000007fef78eb000 	C:\Windows\System32\winrnr.dll
0x000007fef78b0000 - 0x000007fef78c0000 	C:\Windows\system32\wshbth.dll
0x000007fefab30000 - 0x000007fefab57000 	C:\Windows\system32\IPHLPAPI.DLL
0x000007fefaa10000 - 0x000007fefaa1b000 	C:\Windows\system32\WINNSI.DLL
0x000007fef5180000 - 0x000007fef5188000 	C:\Windows\system32\rasadhlp.dll
0x000007fefa600000 - 0x000007fefa653000 	C:\Windows\System32\fwpuclnt.dll
0x000000006ac70000 - 0x000000006ac7b000 	C:\Program Files\Java\jdk1.7.0_03\jre\bin\management.dll
0x000000006a650000 - 0x000000006a674000 	C:\Program Files\Java\jdk1.7.0_03\jre\bin\sunec.dll

VM Arguments:
jvm_args: -javaagent:D:\Setup\play-1.2.4\framework/play-1.2.4.jar -XX:-UseSplitVerifier -Dfile.encoding=utf-8 -Xdebug -Xrunjdwp:transport=dt_socket,address=8000,server=y,suspend=n -Dplay.debug=yes -Dapplication.path=D:\Java Proj\Intern -Dplay.id= 
java_command: play.server.Server 
Launcher Type: SUN_STANDARD

Environment Variables:
PATH=C:\Windows\system32;C:\Windows;C:\Windows\System32\Wbem;C:\Windows\System32\WindowsPowerShell\v1.0\;C:\Program Files\Dell\DW WLAN Card;C:\Program Files (x86)\ATI Technologies\ATI.ACE\Core-Static;C:\Program Files\WIDCOMM\Bluetooth Software\;C:\Program Files\WIDCOMM\Bluetooth Software\syswow64;C:\Program Files\Intel\WiFi\bin\;C:\Program Files\Common Files\Intel\WirelessCommon\;C:\Program Files\TortoiseSVN\bin;C:\Program Files (x86)\Calibre2\;D:\Setup\play-1.2.4;C:\Program Files\Java\jdk1.7.0_03\bin
USERNAME=Akihito
OS=Windows_NT
PROCESSOR_IDENTIFIER=Intel64 Family 6 Model 37 Stepping 5, GenuineIntel



---------------  S Y S T E M  ---------------

OS: Windows 7 , 64 bit Build 7601 Service Pack 1

CPU:total 4 (2 cores per cpu, 2 threads per core) family 6 model 37 stepping 5, cmov, cx8, fxsr, mmx, sse, sse2, sse3, ssse3, sse4.1, sse4.2, popcnt, ht

Memory: 4k page, physical 4053692k(1424808k free), swap 8105536k(4777328k free)

vm_info: Java HotSpot(TM) 64-Bit Server VM (22.1-b02) for windows-amd64 JRE (1.7.0_03-b05), built on Feb  3 2012 20:43:56 by "java_re" with unknown MS VC++:1600

time: Sun Apr 22 13:05:44 2012
elapsed time: 10882 seconds

