#
# A fatal error has been detected by the Java Runtime Environment:
#
#  EXCEPTION_ACCESS_VIOLATION (0xc0000005) at pc=0x0000000066be28cf, pid=6140, tid=2212
#
# JRE version: 7.0_03-b05
# Java VM: Java HotSpot(TM) 64-Bit Server VM (22.1-b02 mixed mode windows-amd64 compressed oops)
# Problematic frame:
# V  [jvm.dll+0x3e28cf]
#
# Failed to write core dump. Minidumps are not enabled by default on client versions of Windows
#
# If you would like to submit a bug report, please visit:
#   http://bugreport.sun.com/bugreport/crash.jsp
#

---------------  T H R E A D  ---------------

Current thread (0x00000000064b5800):  JavaThread "C2 CompilerThread1" daemon [_thread_in_native, id=2212, stack(0x00000000068b0000,0x00000000069b0000)]

siginfo: ExceptionCode=0xc0000005, reading address 0x0000000000000008

Registers:
RAX=0x0000000000000000, RBX=0x00000000069acf00, RCX=0x000000000da56f90, RDX=0x0000000000000000
RSP=0x00000000069ac0b0, RBP=0x00000000069ac260, RSI=0x000000000c3eb198, RDI=0x0000000000000000
R8 =0x0000000008851cc0, R9 =0x0000000000002000, R10=0x000000000d2001c0, R11=0x0000000000000000
R12=0x000000000e5711e0, R13=0x000000000e44ff08, R14=0x00000000069ac180, R15=0x00000000069ac1a0
RIP=0x0000000066be28cf, EFLAGS=0x0000000000010202

Top of Stack: (sp=0x00000000069ac0b0)
0x00000000069ac0b0:   00000000069acf00 000000000e5711e0
0x00000000069ac0c0:   000000000ec5bba0 0000000000000000
0x00000000069ac0d0:   000000000e5711e0 0000000000000002
0x00000000069ac0e0:   000000000ecca7d0 0000000066be3389
0x00000000069ac0f0:   00000000069ac260 000000000000018f
0x00000000069ac100:   00000000069ac1e8 00000000069ac260
0x00000000069ac110:   0000000000000020 000000000d72aae8
0x00000000069ac120:   0000000000000000 000000000000b720
0x00000000069ac130:   00000000064f2070 00000000069ac260
0x00000000069ac140:   00000000064a39f0 0000000000000002
0x00000000069ac150:   00000000069acf00 0000000066be54f7
0x00000000069ac160:   00000000069acf00 0000000000000001
0x00000000069ac170:   0000000000000002 00000000069ac1e8
0x00000000069ac180:   00000000064a39f0 0000000000000200
0x00000000069ac190:   000000000eeaa440 0000000000000190
0x00000000069ac1a0:   0000000066d44508 00000000064a39f0 

Instructions: (pc=0x0000000066be28cf)
0x0000000066be28af:   48 3b f0 0f 84 87 01 00 00 44 8b 4b 28 0f 1f 40
0x0000000066be28bf:   00 41 8b 53 28 4c 8b 83 e0 09 00 00 4d 8b 1c d0
0x0000000066be28cf:   49 8b 43 08 48 39 38 75 2d 0f 1f 84 00 00 00 00
0x0000000066be28df:   00 41 8b 43 28 41 3b c1 73 0c 8b c8 48 8b 43 30 


Register to memory mapping:

RAX=0x0000000000000000 is an unknown value
RBX=0x00000000069acf00 is pointing into the stack for thread: 0x00000000064b5800
RCX=0x000000000da56f90 is an unknown value
RDX=0x0000000000000000 is an unknown value
RSP=0x00000000069ac0b0 is pointing into the stack for thread: 0x00000000064b5800
RBP=0x00000000069ac260 is pointing into the stack for thread: 0x00000000064b5800
RSI=0x000000000c3eb198 is an unknown value
RDI=0x0000000000000000 is an unknown value
R8 =0x0000000008851cc0 is an unknown value
R9 =0x0000000000002000 is an unknown value
R10=0x000000000d2001c0 is an unknown value
R11=0x0000000000000000 is an unknown value
R12=0x000000000e5711e0 is an unknown value
R13=0x000000000e44ff08 is an unknown value
R14=0x00000000069ac180 is pointing into the stack for thread: 0x00000000064b5800
R15=0x00000000069ac1a0 is pointing into the stack for thread: 0x00000000064b5800


Stack: [0x00000000068b0000,0x00000000069b0000],  sp=0x00000000069ac0b0,  free space=1008k
Native frames: (J=compiled Java code, j=interpreted, Vv=VM code, C=native code)
V  [jvm.dll+0x3e28cf]


Current CompileTask:
C2: 254352 1553             jregex.Pretokenizer::next (1064 bytes)


---------------  P R O C E S S  ---------------

Java Threads: ( => current thread )
  0x0000000008dce000 JavaThread "net.sf.ehcache.CacheManager@66247e5c" daemon [_thread_blocked, id=4836, stack(0x000000000c8c0000,0x000000000c9c0000)]
  0x0000000008dcb000 JavaThread "File Reaper" daemon [_thread_blocked, id=452, stack(0x000000000c6f0000,0x000000000c7f0000)]
  0x0000000008dca800 JavaThread "New I/O server worker #1-5" [_thread_in_native, id=5156, stack(0x000000000dc30000,0x000000000dd30000)]
  0x0000000008dc9800 JavaThread "New I/O server worker #1-4" [_thread_in_native, id=4332, stack(0x000000000ac20000,0x000000000ad20000)]
  0x0000000008dc9000 JavaThread "New I/O server worker #1-3" [_thread_in_native, id=5148, stack(0x000000000b260000,0x000000000b360000)]
  0x0000000008dc8000 JavaThread "New I/O server worker #1-2" [_thread_in_native, id=6392, stack(0x000000000c5f0000,0x000000000c6f0000)]
  0x0000000009e85800 JavaThread "com.mchange.v2.async.ThreadPoolAsynchronousRunner$PoolThread-#2" daemon [_thread_blocked, id=6440, stack(0x000000000b4d0000,0x000000000b5d0000)]
  0x0000000008bd1800 JavaThread "com.mchange.v2.async.ThreadPoolAsynchronousRunner$PoolThread-#1" daemon [_thread_blocked, id=6852, stack(0x000000000b360000,0x000000000b460000)]
  0x00000000089b2000 JavaThread "com.mchange.v2.async.ThreadPoolAsynchronousRunner$PoolThread-#0" daemon [_thread_blocked, id=4828, stack(0x000000000b0a0000,0x000000000b1a0000)]
  0x0000000008169800 JavaThread "Timer-0" daemon [_thread_blocked, id=4832, stack(0x00000000097d0000,0x00000000098d0000)]
  0x0000000008b4b800 JavaThread "play-thread-1" [_thread_in_Java, id=2228, stack(0x0000000009b40000,0x0000000009c40000)]
  0x0000000008a31800 JavaThread "New I/O server worker #1-1" [_thread_in_native, id=6532, stack(0x0000000009970000,0x0000000009a70000)]
  0x00000000020fe800 JavaThread "DestroyJavaVM" [_thread_blocked, id=6616, stack(0x0000000002330000,0x0000000002430000)]
  0x0000000008221800 JavaThread "New I/O server boss #1 ([id: 0x7f9fbe63, /0:0:0:0:0:0:0:0:9000])" [_thread_in_native, id=3116, stack(0x00000000096c0000,0x00000000097c0000)]
  0x00000000064b8800 JavaThread "Service Thread" daemon [_thread_blocked, id=3840, stack(0x0000000007820000,0x0000000007920000)]
=>0x00000000064b5800 JavaThread "C2 CompilerThread1" daemon [_thread_in_native, id=2212, stack(0x00000000068b0000,0x00000000069b0000)]
  0x00000000064b5000 JavaThread "C2 CompilerThread0" daemon [_thread_in_native, id=2660, stack(0x0000000007680000,0x0000000007780000)]
  0x00000000064aa800 JavaThread "JDWP Event Helper Thread" daemon [_thread_blocked, id=6496, stack(0x00000000074a0000,0x00000000075a0000)]
  0x000000000649b000 JavaThread "JDWP Transport Listener: dt_socket" daemon [_thread_in_native, id=6964, stack(0x0000000006b40000,0x0000000006c40000)]
  0x0000000006473800 JavaThread "Attach Listener" daemon [_thread_blocked, id=5656, stack(0x00000000070c0000,0x00000000071c0000)]
  0x000000000646e800 JavaThread "Signal Dispatcher" daemon [_thread_blocked, id=3160, stack(0x0000000006fc0000,0x00000000070c0000)]
  0x00000000021fb000 JavaThread "Finalizer" daemon [_thread_blocked, id=6916, stack(0x0000000006e60000,0x0000000006f60000)]
  0x00000000021f4000 JavaThread "Reference Handler" daemon [_thread_blocked, id=5672, stack(0x0000000006c70000,0x0000000006d70000)]

Other Threads:
  0x00000000021eb000 VMThread [stack: 0x0000000006a30000,0x0000000006b30000] [id=6300]
  0x00000000064d6800 WatcherThread [stack: 0x0000000007940000,0x0000000007a40000] [id=6880]

VM state:not at safepoint (normal execution)

VM Mutex/Monitor currently owned by a thread: None

Heap
 PSYoungGen      total 298880K, used 162844K [0x00000000eb600000, 0x00000000ff0e0000, 0x0000000100000000)
  eden space 291072K, 53% used [0x00000000eb600000,0x00000000f4d6be90,0x00000000fd240000)
  from space 7808K, 99% used [0x00000000fe060000,0x00000000fe7fb1f8,0x00000000fe800000)
  to   space 9088K, 0% used [0x00000000fe800000,0x00000000fe800000,0x00000000ff0e0000)
 PSOldGen        total 42240K, used 34502K [0x00000000c2200000, 0x00000000c4b40000, 0x00000000eb600000)
  object space 42240K, 81% used [0x00000000c2200000,0x00000000c43b1988,0x00000000c4b40000)
 PSPermGen       total 43712K, used 43619K [0x00000000bd000000, 0x00000000bfab0000, 0x00000000c2200000)
  object space 43712K, 99% used [0x00000000bd000000,0x00000000bfa98fe0,0x00000000bfab0000)

Code Cache  [0x0000000002630000, 0x0000000002ca0000, 0x0000000005630000)
 total_blobs=2144 nmethods=1460 adapters=643 free_code_cache=42677Kb largest_free_block=43625984

Dynamic libraries:
0x000000013fba0000 - 0x000000013fbd3000 	C:\Program Files\Java\jdk1.7.0_03\bin\java.exe
0x00000000772c0000 - 0x0000000077469000 	C:\Windows\SYSTEM32\ntdll.dll
0x00000000770a0000 - 0x00000000771bf000 	C:\Windows\system32\kernel32.dll
0x000007fefd2c0000 - 0x000007fefd32c000 	C:\Windows\system32\KERNELBASE.dll
0x000007fefd840000 - 0x000007fefd91b000 	C:\Windows\system32\ADVAPI32.dll
0x000007fefed80000 - 0x000007fefee1f000 	C:\Windows\system32\msvcrt.dll
0x000007fefdee0000 - 0x000007fefdeff000 	C:\Windows\SYSTEM32\sechost.dll
0x000007fefda60000 - 0x000007fefdb8d000 	C:\Windows\system32\RPCRT4.dll
0x00000000771c0000 - 0x00000000772ba000 	C:\Windows\system32\USER32.dll
0x000007fefd920000 - 0x000007fefd987000 	C:\Windows\system32\GDI32.dll
0x000007feff0d0000 - 0x000007feff0de000 	C:\Windows\system32\LPK.dll
0x000007fefd990000 - 0x000007fefda59000 	C:\Windows\system32\USP10.dll
0x000007fefbc90000 - 0x000007fefbe84000 	C:\Windows\WinSxS\amd64_microsoft.windows.common-controls_6595b64144ccf1df_6.0.7601.17514_none_fa396087175ac9ac\COMCTL32.dll
0x000007feff3d0000 - 0x000007feff441000 	C:\Windows\system32\SHLWAPI.dll
0x000007feff290000 - 0x000007feff2be000 	C:\Windows\system32\IMM32.DLL
0x000007feff2c0000 - 0x000007feff3c9000 	C:\Windows\system32\MSCTF.dll
0x0000000067f80000 - 0x0000000068051000 	C:\Program Files\Java\jdk1.7.0_03\jre\bin\msvcr100.dll
0x0000000066800000 - 0x0000000066eda000 	C:\Program Files\Java\jdk1.7.0_03\jre\bin\server\jvm.dll
0x000007fefb4b0000 - 0x000007fefb4b9000 	C:\Windows\system32\WSOCK32.dll
0x000007fefdf00000 - 0x000007fefdf4d000 	C:\Windows\system32\WS2_32.dll
0x000007fefee20000 - 0x000007fefee28000 	C:\Windows\system32\NSI.dll
0x000007fefb4c0000 - 0x000007fefb4fb000 	C:\Windows\system32\WINMM.dll
0x0000000077480000 - 0x0000000077487000 	C:\Windows\system32\PSAPI.DLL
0x0000000074fb0000 - 0x0000000074fbf000 	C:\Program Files\Java\jdk1.7.0_03\jre\bin\verify.dll
0x0000000074f80000 - 0x0000000074fa8000 	C:\Program Files\Java\jdk1.7.0_03\jre\bin\java.dll
0x0000000074f40000 - 0x0000000074f75000 	C:\Program Files\Java\jdk1.7.0_03\jre\bin\jdwp.dll
0x0000000074e50000 - 0x0000000074e73000 	C:\Program Files\Java\jdk1.7.0_03\jre\bin\instrument.dll
0x0000000074fc0000 - 0x0000000074fc8000 	C:\Program Files\Java\jdk1.7.0_03\jre\bin\npt.dll
0x0000000074e30000 - 0x0000000074e45000 	C:\Program Files\Java\jdk1.7.0_03\jre\bin\zip.dll
0x0000000074e20000 - 0x0000000074e29000 	C:\Program Files\Java\jdk1.7.0_03\jre\bin\dt_socket.dll
0x000007fefca40000 - 0x000007fefca95000 	C:\Windows\system32\mswsock.dll
0x000007fefc440000 - 0x000007fefc447000 	C:\Windows\System32\wshtcpip.dll
0x0000000074e00000 - 0x0000000074e19000 	C:\Program Files\Java\jdk1.7.0_03\jre\bin\net.dll
0x000007fefca30000 - 0x000007fefca37000 	C:\Windows\System32\wship6.dll
0x0000000074de0000 - 0x0000000074df1000 	C:\Program Files\Java\jdk1.7.0_03\jre\bin\nio.dll
0x000007fefcaa0000 - 0x000007fefcab7000 	C:\Windows\system32\CRYPTSP.dll
0x000007fefc7a0000 - 0x000007fefc7e7000 	C:\Windows\system32\rsaenh.dll
0x000007fefc560000 - 0x000007fefc57e000 	C:\Windows\system32\USERENV.dll
0x000007fefd210000 - 0x000007fefd21f000 	C:\Windows\system32\profapi.dll
0x000007fefd140000 - 0x000007fefd14f000 	C:\Windows\system32\CRYPTBASE.dll
0x000007fefaca0000 - 0x000007fefacb5000 	C:\Windows\system32\NLAapi.dll
0x000007fef7a70000 - 0x000007fef7a85000 	C:\Windows\system32\napinsp.dll
0x000007fef7890000 - 0x000007fef78a9000 	C:\Windows\system32\pnrpnsp.dll
0x000007fefc8c0000 - 0x000007fefc91b000 	C:\Windows\system32\DNSAPI.dll
0x000007fef7a60000 - 0x000007fef7a6b000 	C:\Windows\System32\winrnr.dll
0x000007fef7880000 - 0x000007fef7890000 	C:\Windows\system32\wshbth.dll
0x000007fefa6c0000 - 0x000007fefa6e7000 	C:\Windows\system32\IPHLPAPI.DLL
0x000007fefa6b0000 - 0x000007fefa6bb000 	C:\Windows\system32\WINNSI.DLL
0x000007fef4220000 - 0x000007fef4228000 	C:\Windows\system32\rasadhlp.dll
0x000007fefa2b0000 - 0x000007fefa303000 	C:\Windows\System32\fwpuclnt.dll
0x0000000074f30000 - 0x0000000074f3b000 	C:\Program Files\Java\jdk1.7.0_03\jre\bin\management.dll
0x0000000074cd0000 - 0x0000000074cf4000 	C:\Program Files\Java\jdk1.7.0_03\jre\bin\sunec.dll

VM Arguments:
jvm_args: -javaagent:D:\Setup\play-1.2.4\framework/play-1.2.4.jar -XX:-UseSplitVerifier -Dfile.encoding=utf-8 -Xdebug -Xrunjdwp:transport=dt_socket,address=8000,server=y,suspend=n -Dplay.debug=yes -Dapplication.path=D:\Java Proj\Intern -Dplay.id= 
java_command: play.server.Server 
Launcher Type: SUN_STANDARD

Environment Variables:
PATH=C:\Windows\system32;C:\Windows;C:\Windows\System32\Wbem;C:\Windows\System32\WindowsPowerShell\v1.0\;C:\Program Files\Dell\DW WLAN Card;C:\Program Files (x86)\ATI Technologies\ATI.ACE\Core-Static;C:\Program Files\WIDCOMM\Bluetooth Software\;C:\Program Files\WIDCOMM\Bluetooth Software\syswow64;C:\Program Files\Intel\WiFi\bin\;C:\Program Files\Common Files\Intel\WirelessCommon\;C:\Program Files\TortoiseSVN\bin;C:\Program Files (x86)\Calibre2\;D:\Setup\play-1.2.4;C:\Program Files\Java\jdk1.7.0_03\bin
USERNAME=Akihito
OS=Windows_NT
PROCESSOR_IDENTIFIER=Intel64 Family 6 Model 37 Stepping 5, GenuineIntel



---------------  S Y S T E M  ---------------

OS: Windows 7 , 64 bit Build 7601 Service Pack 1

CPU:total 4 (2 cores per cpu, 2 threads per core) family 6 model 37 stepping 5, cmov, cx8, fxsr, mmx, sse, sse2, sse3, ssse3, sse4.1, sse4.2, popcnt, ht

Memory: 4k page, physical 4053692k(1577852k free), swap 8105536k(4983896k free)

vm_info: Java HotSpot(TM) 64-Bit Server VM (22.1-b02) for windows-amd64 JRE (1.7.0_03-b05), built on Feb  3 2012 20:43:56 by "java_re" with unknown MS VC++:1600

time: Mon Apr 23 11:32:27 2012
elapsed time: 254 seconds

