#
# A fatal error has been detected by the Java Runtime Environment:
#
#  EXCEPTION_ACCESS_VIOLATION (0xc0000005) at pc=0x0000000062bd28cf, pid=6748, tid=8088
#
# JRE version: 7.0_03-b05
# Java VM: Java HotSpot(TM) 64-Bit Server VM (22.1-b02 mixed mode windows-amd64 compressed oops)
# Problematic frame:
# V  [jvm.dll+0x3e28cf]
#
# Failed to write core dump. Minidumps are not enabled by default on client versions of Windows
#
# If you would like to submit a bug report, please visit:
#   http://bugreport.sun.com/bugreport/crash.jsp
#

---------------  T H R E A D  ---------------

Current thread (0x0000000006217000):  JavaThread "C2 CompilerThread1" daemon [_thread_in_native, id=8088, stack(0x0000000007890000,0x0000000007990000)]

siginfo: ExceptionCode=0xc0000005, reading address 0x0000000000000008

Registers:
RAX=0x0000000000000000, RBX=0x000000000798d060, RCX=0x000000000919f4f0, RDX=0x0000000000000000
RSP=0x000000000798c210, RBP=0x000000000798c3c0, RSI=0x000000000963cef8, RDI=0x0000000000000000
R8 =0x0000000008d68ad0, R9 =0x0000000000002000, R10=0x0000000007f1c1f0, R11=0x0000000000000000
R12=0x0000000008a91e80, R13=0x0000000008236fd8, R14=0x000000000798c2e0, R15=0x000000000798c300
RIP=0x0000000062bd28cf, EFLAGS=0x0000000000010283

Top of Stack: (sp=0x000000000798c210)
0x000000000798c210:   000000000798d060 0000000008a91e80
0x000000000798c220:   0000000009488f20 0000000000000000
0x000000000798c230:   0000000008a91e80 0000000000000002
0x000000000798c240:   0000000008aafac0 0000000062bd3389
0x000000000798c250:   000000000798c3c0 000000000000018f
0x000000000798c260:   000000000798c348 000000000798c3c0
0x000000000798c270:   0000000000000020 0000000009015b98
0x000000000798c280:   0000000000000000 000000000000b720
0x000000000798c290:   000000000c87f4a0 000000000798c3c0
0x000000000798c2a0:   0000000006205900 0000000000000002
0x000000000798c2b0:   000000000798d060 0000000062bd54f7
0x000000000798c2c0:   000000000798d060 0000000000000001
0x000000000798c2d0:   0000000000000002 000000000798c348
0x000000000798c2e0:   0000000006205900 0000000000000200
0x000000000798c2f0:   00000000092e0360 0000000000000190
0x000000000798c300:   0000000062d34508 0000000006205900 

Instructions: (pc=0x0000000062bd28cf)
0x0000000062bd28af:   48 3b f0 0f 84 87 01 00 00 44 8b 4b 28 0f 1f 40
0x0000000062bd28bf:   00 41 8b 53 28 4c 8b 83 e0 09 00 00 4d 8b 1c d0
0x0000000062bd28cf:   49 8b 43 08 48 39 38 75 2d 0f 1f 84 00 00 00 00
0x0000000062bd28df:   00 41 8b 43 28 41 3b c1 73 0c 8b c8 48 8b 43 30 


Register to memory mapping:

RAX=0x0000000000000000 is an unknown value
RBX=0x000000000798d060 is pointing into the stack for thread: 0x0000000006217000
RCX=0x000000000919f4f0 is an unknown value
RDX=0x0000000000000000 is an unknown value
RSP=0x000000000798c210 is pointing into the stack for thread: 0x0000000006217000
RBP=0x000000000798c3c0 is pointing into the stack for thread: 0x0000000006217000
RSI=0x000000000963cef8 is an unknown value
RDI=0x0000000000000000 is an unknown value
R8 =0x0000000008d68ad0 is an unknown value
R9 =0x0000000000002000 is an unknown value
R10=0x0000000007f1c1f0 is an unknown value
R11=0x0000000000000000 is an unknown value
R12=0x0000000008a91e80 is an unknown value
R13=0x0000000008236fd8 is an unknown value
R14=0x000000000798c2e0 is pointing into the stack for thread: 0x0000000006217000
R15=0x000000000798c300 is pointing into the stack for thread: 0x0000000006217000


Stack: [0x0000000007890000,0x0000000007990000],  sp=0x000000000798c210,  free space=1008k
Native frames: (J=compiled Java code, j=interpreted, Vv=VM code, C=native code)
V  [jvm.dll+0x3e28cf]


Current CompileTask:
C2:4785737 1788             jregex.Pretokenizer::next (1064 bytes)


---------------  P R O C E S S  ---------------

Java Threads: ( => current thread )
  0x0000000008032000 JavaThread "New I/O server worker #1-1" [_thread_in_native, id=7564, stack(0x0000000009960000,0x0000000009a60000)]
  0x0000000008034800 JavaThread "File Reaper" daemon [_thread_blocked, id=5568, stack(0x000000000caf0000,0x000000000cbf0000)]
  0x0000000009488000 JavaThread "com.mchange.v2.async.ThreadPoolAsynchronousRunner$PoolThread-#2" daemon [_thread_blocked, id=3232, stack(0x000000000b660000,0x000000000b760000)]
  0x0000000008a40000 JavaThread "com.mchange.v2.async.ThreadPoolAsynchronousRunner$PoolThread-#1" daemon [_thread_blocked, id=7476, stack(0x000000000b4b0000,0x000000000b5b0000)]
  0x0000000008a02800 JavaThread "com.mchange.v2.async.ThreadPoolAsynchronousRunner$PoolThread-#0" daemon [_thread_blocked, id=1248, stack(0x000000000b2c0000,0x000000000b3c0000)]
  0x0000000009271800 JavaThread "Timer-0" daemon [_thread_blocked, id=8372, stack(0x000000000b030000,0x000000000b130000)]
  0x00000000084c1800 JavaThread "net.sf.ehcache.CacheManager@37e75865" daemon [_thread_blocked, id=6796, stack(0x000000000aef0000,0x000000000aff0000)]
  0x000000000857d800 JavaThread "play-thread-1" [_thread_in_Java, id=7456, stack(0x0000000007ac0000,0x0000000007bc0000)]
  0x000000000229e800 JavaThread "DestroyJavaVM" [_thread_blocked, id=6576, stack(0x00000000024c0000,0x00000000025c0000)]
  0x000000000847e000 JavaThread "New I/O server boss #1 ([id: 0x3e103ad6, /0:0:0:0:0:0:0:0:9000])" [_thread_in_native, id=8976, stack(0x0000000007410000,0x0000000007510000)]
  0x0000000006221800 JavaThread "Service Thread" daemon [_thread_blocked, id=7312, stack(0x00000000079c0000,0x0000000007ac0000)]
=>0x0000000006217000 JavaThread "C2 CompilerThread1" daemon [_thread_in_native, id=8088, stack(0x0000000007890000,0x0000000007990000)]
  0x0000000006216000 JavaThread "C2 CompilerThread0" daemon [_thread_in_native, id=3020, stack(0x00000000076d0000,0x00000000077d0000)]
  0x000000000620b800 JavaThread "JDWP Event Helper Thread" daemon [_thread_blocked, id=8632, stack(0x0000000007520000,0x0000000007620000)]
  0x00000000061fd800 JavaThread "JDWP Transport Listener: dt_socket" daemon [_thread_in_native, id=3392, stack(0x00000000071d0000,0x00000000072d0000)]
  0x00000000061d1000 JavaThread "Attach Listener" daemon [_thread_blocked, id=2124, stack(0x0000000006de0000,0x0000000006ee0000)]
  0x00000000061cb800 JavaThread "Signal Dispatcher" daemon [_thread_blocked, id=5104, stack(0x0000000006c50000,0x0000000006d50000)]
  0x0000000002197800 JavaThread "Finalizer" daemon [_thread_blocked, id=7324, stack(0x0000000006ab0000,0x0000000006bb0000)]
  0x0000000002191000 JavaThread "Reference Handler" daemon [_thread_blocked, id=5848, stack(0x0000000006740000,0x0000000006840000)]

Other Threads:
  0x0000000002187000 VMThread [stack: 0x00000000068f0000,0x00000000069f0000] [id=7504]
  0x000000000622f800 WatcherThread [stack: 0x0000000007c00000,0x0000000007d00000] [id=7184]

VM state:not at safepoint (normal execution)

VM Mutex/Monitor currently owned by a thread: None

Heap
 PSYoungGen      total 30208K, used 5748K [0x00000000eb600000, 0x00000000ed830000, 0x0000000100000000)
  eden space 27200K, 13% used [0x00000000eb600000,0x00000000eb9806c8,0x00000000ed090000)
  from space 3008K, 98% used [0x00000000ed170000,0x00000000ed454010,0x00000000ed460000)
  to   space 3904K, 0% used [0x00000000ed460000,0x00000000ed460000,0x00000000ed830000)
 PSOldGen        total 42240K, used 36301K [0x00000000c2200000, 0x00000000c4b40000, 0x00000000eb600000)
  object space 42240K, 85% used [0x00000000c2200000,0x00000000c4573418,0x00000000c4b40000)
 PSPermGen       total 43328K, used 43217K [0x00000000bd000000, 0x00000000bfa50000, 0x00000000c2200000)
  object space 43328K, 99% used [0x00000000bd000000,0x00000000bfa34570,0x00000000bfa50000)

Code Cache  [0x00000000027c0000, 0x0000000002f50000, 0x00000000057c0000)
 total_blobs=2341 nmethods=1667 adapters=633 free_code_cache=41523Kb largest_free_block=42433920

Dynamic libraries:
0x000000013f880000 - 0x000000013f8b3000 	C:\Program Files\Java\jdk1.7.0_03\bin\java.exe
0x00000000772f0000 - 0x0000000077499000 	C:\Windows\SYSTEM32\ntdll.dll
0x00000000770d0000 - 0x00000000771ef000 	C:\Windows\system32\kernel32.dll
0x000007fefd540000 - 0x000007fefd5ac000 	C:\Windows\system32\KERNELBASE.dll
0x000007fefddb0000 - 0x000007fefde8b000 	C:\Windows\system32\ADVAPI32.dll
0x000007fefd720000 - 0x000007fefd7bf000 	C:\Windows\system32\msvcrt.dll
0x000007fefda50000 - 0x000007fefda6f000 	C:\Windows\SYSTEM32\sechost.dll
0x000007feff4d0000 - 0x000007feff5fd000 	C:\Windows\system32\RPCRT4.dll
0x00000000771f0000 - 0x00000000772ea000 	C:\Windows\system32\USER32.dll
0x000007fefd940000 - 0x000007fefd9a7000 	C:\Windows\system32\GDI32.dll
0x000007fefe430000 - 0x000007fefe43e000 	C:\Windows\system32\LPK.dll
0x000007fefe360000 - 0x000007fefe429000 	C:\Windows\system32\USP10.dll
0x000007fefbcc0000 - 0x000007fefbeb4000 	C:\Windows\WinSxS\amd64_microsoft.windows.common-controls_6595b64144ccf1df_6.0.7601.17514_none_fa396087175ac9ac\COMCTL32.dll
0x000007fefdf10000 - 0x000007fefdf81000 	C:\Windows\system32\SHLWAPI.dll
0x000007fefdf90000 - 0x000007fefdfbe000 	C:\Windows\system32\IMM32.DLL
0x000007fefd610000 - 0x000007fefd719000 	C:\Windows\system32\MSCTF.dll
0x000000006a9e0000 - 0x000000006aab1000 	C:\Program Files\Java\jdk1.7.0_03\jre\bin\msvcr100.dll
0x00000000627f0000 - 0x0000000062eca000 	C:\Program Files\Java\jdk1.7.0_03\jre\bin\server\jvm.dll
0x000007fef4840000 - 0x000007fef4849000 	C:\Windows\system32\WSOCK32.dll
0x000007fefdfc0000 - 0x000007fefe00d000 	C:\Windows\system32\WS2_32.dll
0x000007fefdba0000 - 0x000007fefdba8000 	C:\Windows\system32\NSI.dll
0x000007fefb8d0000 - 0x000007fefb90b000 	C:\Windows\system32\WINMM.dll
0x00000000774c0000 - 0x00000000774c7000 	C:\Windows\system32\PSAPI.DLL
0x0000000072480000 - 0x000000007248f000 	C:\Program Files\Java\jdk1.7.0_03\jre\bin\verify.dll
0x000000006aae0000 - 0x000000006ab08000 	C:\Program Files\Java\jdk1.7.0_03\jre\bin\java.dll
0x000000006a0b0000 - 0x000000006a0e5000 	C:\Program Files\Java\jdk1.7.0_03\jre\bin\jdwp.dll
0x000000006a080000 - 0x000000006a0a3000 	C:\Program Files\Java\jdk1.7.0_03\jre\bin\instrument.dll
0x0000000072390000 - 0x0000000072398000 	C:\Program Files\Java\jdk1.7.0_03\jre\bin\npt.dll
0x000000006fde0000 - 0x000000006fdf5000 	C:\Program Files\Java\jdk1.7.0_03\jre\bin\zip.dll
0x000000006d3d0000 - 0x000000006d3d9000 	C:\Program Files\Java\jdk1.7.0_03\jre\bin\dt_socket.dll
0x000007fefca70000 - 0x000007fefcac5000 	C:\Windows\system32\mswsock.dll
0x000007fefc470000 - 0x000007fefc477000 	C:\Windows\System32\wshtcpip.dll
0x0000000069440000 - 0x0000000069459000 	C:\Program Files\Java\jdk1.7.0_03\jre\bin\net.dll
0x000007fefca60000 - 0x000007fefca67000 	C:\Windows\System32\wship6.dll
0x0000000069340000 - 0x0000000069351000 	C:\Program Files\Java\jdk1.7.0_03\jre\bin\nio.dll
0x000007fefcad0000 - 0x000007fefcae7000 	C:\Windows\system32\CRYPTSP.dll
0x000007fefc7d0000 - 0x000007fefc817000 	C:\Windows\system32\rsaenh.dll
0x000007fefc590000 - 0x000007fefc5ae000 	C:\Windows\system32\USERENV.dll
0x000007fefd240000 - 0x000007fefd24f000 	C:\Windows\system32\profapi.dll
0x000007fefd170000 - 0x000007fefd17f000 	C:\Windows\system32\CRYPTBASE.dll
0x000007fefb090000 - 0x000007fefb0a5000 	C:\Windows\system32\NLAapi.dll
0x000007fef7910000 - 0x000007fef7925000 	C:\Windows\system32\napinsp.dll
0x000007fef78f0000 - 0x000007fef7909000 	C:\Windows\system32\pnrpnsp.dll
0x000007fefc8f0000 - 0x000007fefc94b000 	C:\Windows\system32\DNSAPI.dll
0x000007fef78e0000 - 0x000007fef78eb000 	C:\Windows\System32\winrnr.dll
0x000007fef78b0000 - 0x000007fef78c0000 	C:\Windows\system32\wshbth.dll
0x000007fefab30000 - 0x000007fefab57000 	C:\Windows\system32\IPHLPAPI.DLL
0x000007fefaa10000 - 0x000007fefaa1b000 	C:\Windows\system32\WINNSI.DLL
0x000007fef5180000 - 0x000007fef5188000 	C:\Windows\system32\rasadhlp.dll
0x000007fefa600000 - 0x000007fefa653000 	C:\Windows\System32\fwpuclnt.dll
0x0000000069300000 - 0x000000006930b000 	C:\Program Files\Java\jdk1.7.0_03\jre\bin\management.dll
0x00000000691e0000 - 0x0000000069204000 	C:\Program Files\Java\jdk1.7.0_03\jre\bin\sunec.dll

VM Arguments:
jvm_args: -javaagent:D:\Setup\play-1.2.4\framework/play-1.2.4.jar -XX:-UseSplitVerifier -Dfile.encoding=utf-8 -Xdebug -Xrunjdwp:transport=dt_socket,address=8000,server=y,suspend=n -Dplay.debug=yes -Dapplication.path=D:\Java Proj\Intern -Dplay.id= 
java_command: play.server.Server 
Launcher Type: SUN_STANDARD

Environment Variables:
PATH=C:\Windows\system32;C:\Windows;C:\Windows\System32\Wbem;C:\Windows\System32\WindowsPowerShell\v1.0\;C:\Program Files\Dell\DW WLAN Card;C:\Program Files (x86)\ATI Technologies\ATI.ACE\Core-Static;C:\Program Files\WIDCOMM\Bluetooth Software\;C:\Program Files\WIDCOMM\Bluetooth Software\syswow64;C:\Program Files\Intel\WiFi\bin\;C:\Program Files\Common Files\Intel\WirelessCommon\;C:\Program Files\TortoiseSVN\bin;C:\Program Files (x86)\Calibre2\;D:\Setup\play-1.2.4;C:\Program Files\Java\jdk1.7.0_03\bin
USERNAME=Akihito
OS=Windows_NT
PROCESSOR_IDENTIFIER=Intel64 Family 6 Model 37 Stepping 5, GenuineIntel



---------------  S Y S T E M  ---------------

OS: Windows 7 , 64 bit Build 7601 Service Pack 1

CPU:total 4 (2 cores per cpu, 2 threads per core) family 6 model 37 stepping 5, cmov, cx8, fxsr, mmx, sse, sse2, sse3, ssse3, sse4.1, sse4.2, popcnt, ht

Memory: 4k page, physical 4053692k(1669040k free), swap 8105536k(5040372k free)

vm_info: Java HotSpot(TM) 64-Bit Server VM (22.1-b02) for windows-amd64 JRE (1.7.0_03-b05), built on Feb  3 2012 20:43:56 by "java_re" with unknown MS VC++:1600

time: Sun Apr 22 22:26:13 2012
elapsed time: 4784 seconds

